121 dates -> 103 train / 18 val
bg_rms(q700)=2.114e-04  r_std=2.113e-04
UQNet params: 151k
ep  1  train_nll=+0.3583  val_imp=+0.1%  cov90=1344.29
ep  2  train_nll=+0.2699  val_imp=+0.1%  cov90=1322.27
ep  3  train_nll=+0.2079  val_imp=+0.8%  cov90=1288.97
ep  4  train_nll=+0.2001  val_imp=+2.0%  cov90=1321.87
ep  5  train_nll=+0.1668  val_imp=+2.4%  cov90=1332.49
ep  6  train_nll=+0.1440  val_imp=+2.7%  cov90=1336.49
ep  7  train_nll=+0.1505  val_imp=+2.8%  cov90=1307.43
ep  8  train_nll=+0.1332  val_imp=+2.8%  cov90=1304.13
ep  9  train_nll=+0.1239  val_imp=+2.9%  cov90=1300.40
ep 10  train_nll=+0.1273  val_imp=+3.0%  cov90=1315.31
ep 11  train_nll=+0.1015  val_imp=+3.1%  cov90=1301.05
ep 12  train_nll=+0.1168  val_imp=+3.1%  cov90=1316.79
ep 13  train_nll=+0.1252  val_imp=+3.1%  cov90=1292.79
ep 14  train_nll=+0.1217  val_imp=+3.1%  cov90=1304.88
ep 15  train_nll=+0.1155  val_imp=+3.1%  cov90=1324.64
ep 16  train_nll=+0.1152  val_imp=+3.2%  cov90=1313.35
ep 17  train_nll=+0.1074  val_imp=+3.2%  cov90=1327.66
ep 18  train_nll=+0.1092  val_imp=+3.2%  cov90=1314.16
ep 19  train_nll=+0.0884  val_imp=+3.2%  cov90=1312.51
ep 20  train_nll=+0.1037  val_imp=+3.1%  cov90=1303.62
ep 21  train_nll=+0.0967  val_imp=+3.2%  cov90=1333.12
ep 22  train_nll=+0.1034  val_imp=+3.3%  cov90=1314.18
ep 23  train_nll=+0.0929  val_imp=+3.3%  cov90=1288.38
ep 24  train_nll=+0.1041  val_imp=+3.3%  cov90=1300.42
ep 25  train_nll=+0.0843  val_imp=+3.3%  cov90=1311.54
ep 26  train_nll=+0.0903  val_imp=+3.2%  cov90=1320.90
ep 27  train_nll=+0.0969  val_imp=+3.4%  cov90=1285.97
ep 28  train_nll=+0.0931  val_imp=+3.4%  cov90=1321.73
ep 29  train_nll=+0.0923  val_imp=+3.4%  cov90=1305.93
ep 30  train_nll=+0.0770  val_imp=+3.4%  cov90=1313.24
ep 31  train_nll=+0.0755  val_imp=+3.5%  cov90=1315.20
ep 32  train_nll=+0.1012  val_imp=+3.5%  cov90=1292.62
ep 33  train_nll=+0.0875  val_imp=+3.5%  cov90=1304.75
ep 34  train_nll=+0.0954  val_imp=+3.5%  cov90=1298.25
ep 35  train_nll=+0.0748  val_imp=+3.5%  cov90=1303.70
ep 36  train_nll=+0.0789  val_imp=+3.6%  cov90=1298.16
ep 37  train_nll=+0.0869  val_imp=+3.5%  cov90=1280.53
ep 38  train_nll=+0.0862  val_imp=+3.5%  cov90=1339.52
ep 39  train_nll=+0.1028  val_imp=+3.6%  cov90=1295.32
ep 40  train_nll=+0.0744  val_imp=+3.6%  cov90=1304.92
ep 41  train_nll=+0.0812  val_imp=+3.6%  cov90=1322.20
ep 42  train_nll=+0.0755  val_imp=+3.6%  cov90=1280.62
ep 43  train_nll=+0.0863  val_imp=+3.6%  cov90=1330.00
ep 44  train_nll=+0.0731  val_imp=+3.7%  cov90=1306.83
ep 45  train_nll=+0.0999  val_imp=+3.7%  cov90=1276.66
ep 46  train_nll=+0.0720  val_imp=+3.7%  cov90=1309.86
ep 47  train_nll=+0.0822  val_imp=+3.7%  cov90=1307.65
ep 48  train_nll=+0.0809  val_imp=+3.7%  cov90=1327.82
ep 49  train_nll=+0.0706  val_imp=+3.7%  cov90=1307.10
ep 50  train_nll=+0.0506  val_imp=+3.7%  cov90=1300.14
ep 51  train_nll=+0.0548  val_imp=+3.7%  cov90=1285.96
ep 52  train_nll=+0.0613  val_imp=+3.7%  cov90=1303.00
ep 53  train_nll=+0.0640  val_imp=+3.7%  cov90=1321.86
ep 54  train_nll=+0.0679  val_imp=+3.8%  cov90=1330.64
ep 55  train_nll=+0.0815  val_imp=+3.8%  cov90=1309.96
ep 56  train_nll=+0.0793  val_imp=+3.8%  cov90=1322.92
ep 57  train_nll=+0.0554  val_imp=+3.7%  cov90=1289.78
ep 58  train_nll=+0.0650  val_imp=+3.8%  cov90=1311.80
ep 59  train_nll=+0.0456  val_imp=+3.8%  cov90=1298.84
ep 60  train_nll=+0.0482  val_imp=+3.8%  cov90=1318.99
ep 61  train_nll=+0.0696  val_imp=+3.9%  cov90=1330.75
ep 62  train_nll=+0.0571  val_imp=+3.9%  cov90=1292.88
ep 63  train_nll=+0.0653  val_imp=+3.9%  cov90=1291.24
ep 64  train_nll=+0.0566  val_imp=+3.9%  cov90=1321.19
ep 65  train_nll=+0.0893  val_imp=+3.8%  cov90=1283.41
ep 66  train_nll=+0.0507  val_imp=+3.9%  cov90=1309.27
ep 67  train_nll=+0.0496  val_imp=+3.8%  cov90=1305.17
ep 68  train_nll=+0.0575  val_imp=+3.9%  cov90=1324.40
ep 69  train_nll=+0.0620  val_imp=+3.9%  cov90=1331.89
ep 70  train_nll=+0.0652  val_imp=+4.0%  cov90=1293.76
ep 71  train_nll=+0.0578  val_imp=+3.9%  cov90=1341.47
ep 72  train_nll=+0.0732  val_imp=+4.0%  cov90=1290.11
ep 73  train_nll=+0.0696  val_imp=+4.0%  cov90=1306.72
ep 74  train_nll=+0.0615  val_imp=+4.0%  cov90=1318.17
ep 75  train_nll=+0.0557  val_imp=+3.8%  cov90=1328.20
ep 76  train_nll=+0.0314  val_imp=+4.0%  cov90=1309.64
ep 77  train_nll=+0.0802  val_imp=+4.0%  cov90=1292.52
ep 78  train_nll=+0.0504  val_imp=+4.1%  cov90=1316.85
ep 79  train_nll=+0.0503  val_imp=+3.9%  cov90=1342.59
ep 80  train_nll=+0.0554  val_imp=+4.0%  cov90=1292.15
saved best (val_imp=+4.1%) -> /root/cnn_q700_best.pt
