target=t500  context=['q500', 'u700', 'v700', 'z500']  in_ch=7
121 dates -> 103 train / 18 val
bg_rms(t500)=1.810e-01  r_std=1.795e-01
UQNet params: 152k
ep  1  train_nll=+0.5288  val_imp=+3.8%  cov90=0.92
ep  2  train_nll=+0.4468  val_imp=+7.4%  cov90=0.90
ep  3  train_nll=+0.4116  val_imp=+7.6%  cov90=0.89
ep  4  train_nll=+0.4055  val_imp=+7.7%  cov90=0.91
ep  5  train_nll=+0.3974  val_imp=+7.7%  cov90=0.90
ep  6  train_nll=+0.3929  val_imp=+7.7%  cov90=0.92
ep  7  train_nll=+0.3893  val_imp=+7.8%  cov90=0.91
ep  8  train_nll=+0.3942  val_imp=+7.8%  cov90=0.91
ep  9  train_nll=+0.3908  val_imp=+7.9%  cov90=0.91
ep 10  train_nll=+0.3894  val_imp=+7.8%  cov90=0.92
ep 11  train_nll=+0.3818  val_imp=+7.9%  cov90=0.90
ep 12  train_nll=+0.3821  val_imp=+7.9%  cov90=0.92
ep 13  train_nll=+0.3828  val_imp=+7.9%  cov90=0.90
ep 14  train_nll=+0.3824  val_imp=+8.0%  cov90=0.91
ep 15  train_nll=+0.3770  val_imp=+7.9%  cov90=0.92
ep 16  train_nll=+0.3753  val_imp=+7.9%  cov90=0.90
ep 17  train_nll=+0.3702  val_imp=+8.0%  cov90=0.91
ep 18  train_nll=+0.3752  val_imp=+8.0%  cov90=0.90
ep 19  train_nll=+0.3711  val_imp=+8.0%  cov90=0.92
ep 20  train_nll=+0.3684  val_imp=+8.1%  cov90=0.90
ep 21  train_nll=+0.3716  val_imp=+8.0%  cov90=0.90
ep 22  train_nll=+0.3730  val_imp=+8.1%  cov90=0.92
ep 23  train_nll=+0.3688  val_imp=+8.0%  cov90=0.92
ep 24  train_nll=+0.3632  val_imp=+8.1%  cov90=0.90
ep 25  train_nll=+0.3585  val_imp=+8.1%  cov90=0.89
ep 26  train_nll=+0.3665  val_imp=+8.2%  cov90=0.91
ep 27  train_nll=+0.3673  val_imp=+8.1%  cov90=0.90
ep 28  train_nll=+0.3643  val_imp=+8.1%  cov90=0.91
ep 29  train_nll=+0.3669  val_imp=+8.2%  cov90=0.90
ep 30  train_nll=+0.3614  val_imp=+8.2%  cov90=0.92
ep 31  train_nll=+0.3606  val_imp=+8.1%  cov90=0.91
ep 32  train_nll=+0.3625  val_imp=+8.2%  cov90=0.91
ep 33  train_nll=+0.3562  val_imp=+8.2%  cov90=0.91
ep 34  train_nll=+0.3596  val_imp=+8.3%  cov90=0.92
ep 35  train_nll=+0.3568  val_imp=+8.2%  cov90=0.90
ep 36  train_nll=+0.3585  val_imp=+8.2%  cov90=0.91
ep 37  train_nll=+0.3557  val_imp=+8.2%  cov90=0.92
ep 38  train_nll=+0.3562  val_imp=+8.3%  cov90=0.89
ep 39  train_nll=+0.3587  val_imp=+8.3%  cov90=0.91
ep 40  train_nll=+0.3578  val_imp=+8.3%  cov90=0.89
ep 41  train_nll=+0.3594  val_imp=+8.2%  cov90=0.91
ep 42  train_nll=+0.3550  val_imp=+8.2%  cov90=0.90
ep 43  train_nll=+0.3598  val_imp=+8.3%  cov90=0.92
ep 44  train_nll=+0.3552  val_imp=+8.3%  cov90=0.92
ep 45  train_nll=+0.3659  val_imp=+8.3%  cov90=0.90
ep 46  train_nll=+0.3528  val_imp=+8.3%  cov90=0.90
ep 47  train_nll=+0.3566  val_imp=+8.4%  cov90=0.92
ep 48  train_nll=+0.3609  val_imp=+8.4%  cov90=0.90
ep 49  train_nll=+0.3503  val_imp=+8.2%  cov90=0.91
ep 50  train_nll=+0.3468  val_imp=+8.4%  cov90=0.91
ep 51  train_nll=+0.3508  val_imp=+8.4%  cov90=0.90
ep 52  train_nll=+0.3511  val_imp=+8.3%  cov90=0.91
ep 53  train_nll=+0.3451  val_imp=+8.4%  cov90=0.89
ep 54  train_nll=+0.3482  val_imp=+8.2%  cov90=0.91
ep 55  train_nll=+0.3570  val_imp=+8.5%  cov90=0.91
ep 56  train_nll=+0.3554  val_imp=+8.4%  cov90=0.92
ep 57  train_nll=+0.3505  val_imp=+8.4%  cov90=0.89
ep 58  train_nll=+0.3472  val_imp=+8.4%  cov90=0.91
ep 59  train_nll=+0.3470  val_imp=+8.5%  cov90=0.91
ep 60  train_nll=+0.3479  val_imp=+8.6%  cov90=0.91
ep 61  train_nll=+0.3474  val_imp=+8.6%  cov90=0.91
ep 62  train_nll=+0.3481  val_imp=+8.7%  cov90=0.91
ep 63  train_nll=+0.3516  val_imp=+8.8%  cov90=0.92
ep 64  train_nll=+0.3468  val_imp=+8.8%  cov90=0.91
ep 65  train_nll=+0.3465  val_imp=+8.9%  cov90=0.90
ep 66  train_nll=+0.3418  val_imp=+8.9%  cov90=0.91
ep 67  train_nll=+0.3392  val_imp=+9.0%  cov90=0.90
ep 68  train_nll=+0.3392  val_imp=+9.0%  cov90=0.91
ep 69  train_nll=+0.3400  val_imp=+9.0%  cov90=0.89
ep 70  train_nll=+0.3412  val_imp=+9.1%  cov90=0.89
ep 71  train_nll=+0.3411  val_imp=+9.1%  cov90=0.92
ep 72  train_nll=+0.3406  val_imp=+9.1%  cov90=0.90
ep 73  train_nll=+0.3402  val_imp=+9.1%  cov90=0.91
ep 74  train_nll=+0.3392  val_imp=+9.1%  cov90=0.90
ep 75  train_nll=+0.3368  val_imp=+9.2%  cov90=0.89
ep 76  train_nll=+0.3327  val_imp=+9.1%  cov90=0.91
ep 77  train_nll=+0.3464  val_imp=+9.1%  cov90=0.90
ep 78  train_nll=+0.3318  val_imp=+9.2%  cov90=0.90
ep 79  train_nll=+0.3372  val_imp=+9.2%  cov90=0.91
ep 80  train_nll=+0.3321  val_imp=+9.3%  cov90=0.92
saved best (val_imp=+9.3%) -> /root/cnn_t500_best.pt
