target=q500  context=['t500', 'u700', 'v700', 'z500']  in_ch=7
121 dates -> 103 train / 18 val
bg_rms(q500)=1.070e-04  r_std=1.068e-04
UQNet params: 152k
ep  1  train_nll=+0.2732  val_imp=+0.6%  cov90=0.95
ep  2  train_nll=+0.0926  val_imp=+0.6%  cov90=0.93
ep  3  train_nll=+0.0149  val_imp=+0.7%  cov90=0.92
ep  4  train_nll=+0.0232  val_imp=+0.7%  cov90=0.93
ep  5  train_nll=-0.0329  val_imp=+1.6%  cov90=0.91
ep  6  train_nll=-0.0469  val_imp=+3.1%  cov90=0.92
ep  7  train_nll=-0.0744  val_imp=+3.6%  cov90=0.91
ep  8  train_nll=-0.0307  val_imp=+3.7%  cov90=0.93
ep  9  train_nll=-0.0798  val_imp=+3.8%  cov90=0.91
ep 10  train_nll=-0.0697  val_imp=+3.8%  cov90=0.95
ep 11  train_nll=-0.1210  val_imp=+3.9%  cov90=0.92
ep 12  train_nll=-0.0877  val_imp=+3.6%  cov90=0.92
ep 13  train_nll=-0.0895  val_imp=+3.8%  cov90=0.92
ep 14  train_nll=-0.0988  val_imp=+4.0%  cov90=0.91
ep 15  train_nll=-0.1175  val_imp=+4.0%  cov90=0.92
ep 16  train_nll=-0.1247  val_imp=+4.1%  cov90=0.90
ep 17  train_nll=-0.0990  val_imp=+4.0%  cov90=0.93
ep 18  train_nll=-0.0911  val_imp=+4.0%  cov90=0.91
ep 19  train_nll=-0.1428  val_imp=+4.1%  cov90=0.92
ep 20  train_nll=-0.1162  val_imp=+4.1%  cov90=0.92
ep 21  train_nll=-0.0919  val_imp=+4.0%  cov90=0.91
ep 22  train_nll=-0.1077  val_imp=+4.1%  cov90=0.93
ep 23  train_nll=-0.1258  val_imp=+4.1%  cov90=0.91
ep 24  train_nll=-0.1210  val_imp=+4.2%  cov90=0.93
ep 25  train_nll=-0.1702  val_imp=+4.1%  cov90=0.92
ep 26  train_nll=-0.1163  val_imp=+4.0%  cov90=0.94
ep 27  train_nll=-0.1388  val_imp=+4.0%  cov90=0.93
ep 28  train_nll=-0.1374  val_imp=+4.1%  cov90=0.91
ep 29  train_nll=-0.1343  val_imp=+4.2%  cov90=0.92
ep 30  train_nll=-0.1485  val_imp=+4.2%  cov90=0.92
ep 31  train_nll=-0.1602  val_imp=+4.2%  cov90=0.91
ep 32  train_nll=-0.1246  val_imp=+4.2%  cov90=0.93
ep 33  train_nll=-0.1490  val_imp=+4.3%  cov90=0.91
ep 34  train_nll=-0.1344  val_imp=+4.2%  cov90=0.91
ep 35  train_nll=-0.1526  val_imp=+4.3%  cov90=0.91
ep 36  train_nll=-0.1583  val_imp=+4.3%  cov90=0.93
ep 37  train_nll=-0.1536  val_imp=+4.3%  cov90=0.93
ep 38  train_nll=-0.1479  val_imp=+4.3%  cov90=0.92
ep 39  train_nll=-0.1350  val_imp=+4.3%  cov90=0.92
ep 40  train_nll=-0.1611  val_imp=+4.3%  cov90=0.94
ep 41  train_nll=-0.1408  val_imp=+4.2%  cov90=0.92
ep 42  train_nll=-0.1544  val_imp=+4.4%  cov90=0.91
ep 43  train_nll=-0.1427  val_imp=+4.3%  cov90=0.94
ep 44  train_nll=-0.1635  val_imp=+4.4%  cov90=0.92
ep 45  train_nll=-0.1304  val_imp=+4.4%  cov90=0.89
ep 46  train_nll=-0.1659  val_imp=+4.4%  cov90=0.91
ep 47  train_nll=-0.1623  val_imp=+4.3%  cov90=0.91
ep 48  train_nll=-0.1404  val_imp=+4.4%  cov90=0.90
ep 49  train_nll=-0.1565  val_imp=+4.3%  cov90=0.90
ep 50  train_nll=-0.1737  val_imp=+4.3%  cov90=0.90
ep 51  train_nll=-0.1676  val_imp=+4.3%  cov90=0.90
ep 52  train_nll=-0.1747  val_imp=+4.4%  cov90=0.90
ep 53  train_nll=-0.1794  val_imp=+4.4%  cov90=0.92
ep 54  train_nll=-0.1737  val_imp=+4.4%  cov90=0.91
ep 55  train_nll=-0.1545  val_imp=+4.4%  cov90=0.93
ep 56  train_nll=-0.1556  val_imp=+4.4%  cov90=0.92
ep 57  train_nll=-0.1817  val_imp=+4.4%  cov90=0.93
ep 58  train_nll=-0.1675  val_imp=+4.3%  cov90=0.91
ep 59  train_nll=-0.1850  val_imp=+4.4%  cov90=0.92
ep 60  train_nll=-0.1836  val_imp=+4.4%  cov90=0.93
ep 61  train_nll=-0.1632  val_imp=+4.4%  cov90=0.92
ep 62  train_nll=-0.1787  val_imp=+4.4%  cov90=0.90
ep 63  train_nll=-0.1592  val_imp=+4.3%  cov90=0.94
ep 64  train_nll=-0.1724  val_imp=+4.5%  cov90=0.92
ep 65  train_nll=-0.1498  val_imp=+4.5%  cov90=0.90
ep 66  train_nll=-0.1897  val_imp=+4.5%  cov90=0.92
ep 67  train_nll=-0.1892  val_imp=+4.4%  cov90=0.91
ep 68  train_nll=-0.1864  val_imp=+4.5%  cov90=0.92
ep 69  train_nll=-0.1690  val_imp=+4.5%  cov90=0.91
ep 70  train_nll=-0.1849  val_imp=+4.5%  cov90=0.91
ep 71  train_nll=-0.1832  val_imp=+4.5%  cov90=0.91
ep 72  train_nll=-0.1581  val_imp=+4.5%  cov90=0.91
ep 73  train_nll=-0.1770  val_imp=+4.5%  cov90=0.92
ep 74  train_nll=-0.1829  val_imp=+4.5%  cov90=0.93
ep 75  train_nll=-0.1825  val_imp=+4.5%  cov90=0.91
ep 76  train_nll=-0.2152  val_imp=+4.5%  cov90=0.93
ep 77  train_nll=-0.1492  val_imp=+4.5%  cov90=0.90
ep 78  train_nll=-0.1829  val_imp=+4.5%  cov90=0.91
ep 79  train_nll=-0.1934  val_imp=+4.5%  cov90=0.91
ep 80  train_nll=-0.1865  val_imp=+4.5%  cov90=0.92
saved best (val_imp=+4.5%) -> /root/cnn_q500_best.pt
