target=t850  context=['q850', 'u700', 'v700', 'z500']  in_ch=7
121 dates -> 103 train / 18 val
bg_rms(t850)=2.926e-01  r_std=2.926e-01
UQNet params: 152k
ep  1  train_nll=+0.4642  val_imp=+2.0%  cov90=0.91
ep  2  train_nll=+0.3948  val_imp=+4.4%  cov90=0.90
ep  3  train_nll=+0.3607  val_imp=+4.7%  cov90=0.89
ep  4  train_nll=+0.3458  val_imp=+4.5%  cov90=0.91
ep  5  train_nll=+0.3285  val_imp=+4.9%  cov90=0.91
ep  6  train_nll=+0.3095  val_imp=+4.9%  cov90=0.93
ep  7  train_nll=+0.3107  val_imp=+4.9%  cov90=0.89
ep  8  train_nll=+0.3020  val_imp=+5.0%  cov90=0.91
ep  9  train_nll=+0.3033  val_imp=+5.1%  cov90=0.90
ep 10  train_nll=+0.2945  val_imp=+5.1%  cov90=0.90
ep 11  train_nll=+0.2927  val_imp=+5.0%  cov90=0.91
ep 12  train_nll=+0.2902  val_imp=+5.1%  cov90=0.91
ep 13  train_nll=+0.2861  val_imp=+5.1%  cov90=0.90
ep 14  train_nll=+0.2842  val_imp=+5.2%  cov90=0.90
ep 15  train_nll=+0.2745  val_imp=+5.2%  cov90=0.91
ep 16  train_nll=+0.2873  val_imp=+5.2%  cov90=0.92
ep 17  train_nll=+0.2784  val_imp=+5.2%  cov90=0.89
ep 18  train_nll=+0.2777  val_imp=+5.2%  cov90=0.90
ep 19  train_nll=+0.2826  val_imp=+5.2%  cov90=0.91
ep 20  train_nll=+0.2762  val_imp=+5.3%  cov90=0.90
ep 21  train_nll=+0.2773  val_imp=+5.3%  cov90=0.92
ep 22  train_nll=+0.2748  val_imp=+5.3%  cov90=0.92
ep 23  train_nll=+0.2775  val_imp=+5.3%  cov90=0.92
ep 24  train_nll=+0.2688  val_imp=+5.4%  cov90=0.91
ep 25  train_nll=+0.2682  val_imp=+5.4%  cov90=0.91
ep 26  train_nll=+0.2758  val_imp=+5.4%  cov90=0.91
ep 27  train_nll=+0.2763  val_imp=+5.4%  cov90=0.91
ep 28  train_nll=+0.2743  val_imp=+5.4%  cov90=0.91
ep 29  train_nll=+0.2718  val_imp=+5.4%  cov90=0.92
ep 30  train_nll=+0.2700  val_imp=+5.4%  cov90=0.91
ep 31  train_nll=+0.2743  val_imp=+5.4%  cov90=0.90
ep 32  train_nll=+0.2663  val_imp=+5.4%  cov90=0.91
ep 33  train_nll=+0.2689  val_imp=+5.5%  cov90=0.91
ep 34  train_nll=+0.2710  val_imp=+5.5%  cov90=0.90
ep 35  train_nll=+0.2632  val_imp=+5.5%  cov90=0.90
ep 36  train_nll=+0.2686  val_imp=+5.5%  cov90=0.91
ep 37  train_nll=+0.2707  val_imp=+5.5%  cov90=0.92
ep 38  train_nll=+0.2649  val_imp=+5.5%  cov90=0.91
ep 39  train_nll=+0.2632  val_imp=+5.5%  cov90=0.91
ep 40  train_nll=+0.2697  val_imp=+5.6%  cov90=0.91
ep 41  train_nll=+0.2672  val_imp=+5.4%  cov90=0.91
ep 42  train_nll=+0.2652  val_imp=+5.6%  cov90=0.92
ep 43  train_nll=+0.2577  val_imp=+5.6%  cov90=0.91
ep 44  train_nll=+0.2658  val_imp=+5.6%  cov90=0.90
ep 45  train_nll=+0.2638  val_imp=+5.6%  cov90=0.91
ep 46  train_nll=+0.2653  val_imp=+5.6%  cov90=0.91
ep 47  train_nll=+0.2619  val_imp=+5.7%  cov90=0.92
ep 48  train_nll=+0.2690  val_imp=+5.7%  cov90=0.91
ep 49  train_nll=+0.2665  val_imp=+5.7%  cov90=0.92
ep 50  train_nll=+0.2637  val_imp=+5.6%  cov90=0.89
ep 51  train_nll=+0.2620  val_imp=+5.7%  cov90=0.91
ep 52  train_nll=+0.2624  val_imp=+5.7%  cov90=0.90
ep 53  train_nll=+0.2592  val_imp=+5.7%  cov90=0.91
ep 54  train_nll=+0.2567  val_imp=+5.8%  cov90=0.90
ep 55  train_nll=+0.2591  val_imp=+5.8%  cov90=0.91
ep 56  train_nll=+0.2580  val_imp=+5.8%  cov90=0.92
ep 57  train_nll=+0.2600  val_imp=+5.8%  cov90=0.90
ep 58  train_nll=+0.2579  val_imp=+5.8%  cov90=0.92
ep 59  train_nll=+0.2571  val_imp=+5.9%  cov90=0.90
ep 60  train_nll=+0.2596  val_imp=+5.9%  cov90=0.91
ep 61  train_nll=+0.2572  val_imp=+5.9%  cov90=0.92
ep 62  train_nll=+0.2554  val_imp=+5.9%  cov90=0.89
ep 63  train_nll=+0.2548  val_imp=+6.0%  cov90=0.92
ep 64  train_nll=+0.2643  val_imp=+6.0%  cov90=0.92
ep 65  train_nll=+0.2542  val_imp=+6.0%  cov90=0.90
ep 66  train_nll=+0.2533  val_imp=+6.1%  cov90=0.92
ep 67  train_nll=+0.2488  val_imp=+6.1%  cov90=0.92
ep 68  train_nll=+0.2503  val_imp=+6.1%  cov90=0.91
ep 69  train_nll=+0.2454  val_imp=+6.1%  cov90=0.91
ep 70  train_nll=+0.2489  val_imp=+6.1%  cov90=0.91
ep 71  train_nll=+0.2521  val_imp=+6.1%  cov90=0.92
ep 72  train_nll=+0.2460  val_imp=+6.1%  cov90=0.90
ep 73  train_nll=+0.2476  val_imp=+6.2%  cov90=0.90
ep 74  train_nll=+0.2490  val_imp=+6.2%  cov90=0.91
ep 75  train_nll=+0.2543  val_imp=+6.2%  cov90=0.91
ep 76  train_nll=+0.2559  val_imp=+6.1%  cov90=0.91
ep 77  train_nll=+0.2492  val_imp=+6.2%  cov90=0.90
ep 78  train_nll=+0.2527  val_imp=+6.2%  cov90=0.89
ep 79  train_nll=+0.2428  val_imp=+6.2%  cov90=0.91
ep 80  train_nll=+0.2469  val_imp=+6.2%  cov90=0.91
saved best (val_imp=+6.2%) -> /root/cnn_t850_best.pt
