target=q925  context=['t850', 'u700', 'v700', 'z500']  in_ch=7
121 dates -> 103 train / 18 val
bg_rms(q925)=2.743e-04  r_std=2.743e-04
UQNet params: 152k
ep  1  train_nll=+0.4627  val_imp=+0.1%  cov90=0.90
ep  2  train_nll=+0.4138  val_imp=+0.2%  cov90=0.93
ep  3  train_nll=+0.3630  val_imp=+0.4%  cov90=0.91
ep  4  train_nll=+0.3214  val_imp=+2.0%  cov90=0.90
ep  5  train_nll=+0.2995  val_imp=+2.1%  cov90=0.92
ep  6  train_nll=+0.2884  val_imp=+2.2%  cov90=0.92
ep  7  train_nll=+0.2965  val_imp=+2.2%  cov90=0.91
ep  8  train_nll=+0.2839  val_imp=+2.2%  cov90=0.91
ep  9  train_nll=+0.2764  val_imp=+2.2%  cov90=0.90
ep 10  train_nll=+0.2751  val_imp=+2.3%  cov90=0.92
ep 11  train_nll=+0.2560  val_imp=+2.3%  cov90=0.90
ep 12  train_nll=+0.2658  val_imp=+2.2%  cov90=0.90
ep 13  train_nll=+0.2754  val_imp=+2.3%  cov90=0.92
ep 14  train_nll=+0.2786  val_imp=+2.3%  cov90=0.91
ep 15  train_nll=+0.2728  val_imp=+2.3%  cov90=0.90
ep 16  train_nll=+0.2716  val_imp=+2.3%  cov90=0.90
ep 17  train_nll=+0.2704  val_imp=+2.3%  cov90=0.92
ep 18  train_nll=+0.2673  val_imp=+2.4%  cov90=0.91
ep 19  train_nll=+0.2504  val_imp=+2.3%  cov90=0.90
ep 20  train_nll=+0.2628  val_imp=+2.4%  cov90=0.91
ep 21  train_nll=+0.2514  val_imp=+2.4%  cov90=0.92
ep 22  train_nll=+0.2596  val_imp=+2.4%  cov90=0.91
ep 23  train_nll=+0.2482  val_imp=+2.4%  cov90=0.91
ep 24  train_nll=+0.2545  val_imp=+2.4%  cov90=0.90
ep 25  train_nll=+0.2415  val_imp=+2.4%  cov90=0.91
ep 26  train_nll=+0.2549  val_imp=+2.5%  cov90=0.91
ep 27  train_nll=+0.2498  val_imp=+2.5%  cov90=0.92
ep 28  train_nll=+0.2475  val_imp=+2.5%  cov90=0.93
ep 29  train_nll=+0.2423  val_imp=+2.5%  cov90=0.90
ep 30  train_nll=+0.2359  val_imp=+2.5%  cov90=0.92
ep 31  train_nll=+0.2351  val_imp=+2.6%  cov90=0.89
ep 32  train_nll=+0.2549  val_imp=+2.5%  cov90=0.90
ep 33  train_nll=+0.2444  val_imp=+2.6%  cov90=0.89
ep 34  train_nll=+0.2510  val_imp=+2.6%  cov90=0.89
ep 35  train_nll=+0.2370  val_imp=+2.6%  cov90=0.91
ep 36  train_nll=+0.2356  val_imp=+2.7%  cov90=0.89
ep 37  train_nll=+0.2297  val_imp=+2.6%  cov90=0.91
ep 38  train_nll=+0.2406  val_imp=+2.7%  cov90=0.90
ep 39  train_nll=+0.2560  val_imp=+2.7%  cov90=0.91
ep 40  train_nll=+0.2315  val_imp=+2.7%  cov90=0.91
ep 41  train_nll=+0.2459  val_imp=+2.7%  cov90=0.89
ep 42  train_nll=+0.2335  val_imp=+2.7%  cov90=0.90
ep 43  train_nll=+0.2505  val_imp=+2.7%  cov90=0.91
ep 44  train_nll=+0.2231  val_imp=+2.7%  cov90=0.91
ep 45  train_nll=+0.2574  val_imp=+2.7%  cov90=0.91
ep 46  train_nll=+0.2303  val_imp=+2.8%  cov90=0.91
ep 47  train_nll=+0.2430  val_imp=+2.7%  cov90=0.92
ep 48  train_nll=+0.2399  val_imp=+2.8%  cov90=0.91
ep 49  train_nll=+0.2320  val_imp=+2.8%  cov90=0.91
ep 50  train_nll=+0.2115  val_imp=+2.8%  cov90=0.89
ep 51  train_nll=+0.2193  val_imp=+2.9%  cov90=0.90
ep 52  train_nll=+0.2193  val_imp=+2.6%  cov90=0.90
ep 53  train_nll=+0.2238  val_imp=+2.9%  cov90=0.90
ep 54  train_nll=+0.2306  val_imp=+2.9%  cov90=0.91
ep 55  train_nll=+0.2339  val_imp=+2.9%  cov90=0.92
ep 56  train_nll=+0.2368  val_imp=+2.9%  cov90=0.92
ep 57  train_nll=+0.2146  val_imp=+2.9%  cov90=0.90
ep 58  train_nll=+0.2318  val_imp=+2.8%  cov90=0.90
ep 59  train_nll=+0.2142  val_imp=+2.9%  cov90=0.90
ep 60  train_nll=+0.2231  val_imp=+2.9%  cov90=0.91
ep 61  train_nll=+0.2344  val_imp=+2.9%  cov90=0.91
ep 62  train_nll=+0.2208  val_imp=+2.6%  cov90=0.91
ep 63  train_nll=+0.2370  val_imp=+2.9%  cov90=0.90
ep 64  train_nll=+0.2164  val_imp=+2.8%  cov90=0.92
ep 65  train_nll=+0.2477  val_imp=+3.0%  cov90=0.90
ep 66  train_nll=+0.2227  val_imp=+2.7%  cov90=0.92
ep 67  train_nll=+0.2195  val_imp=+3.0%  cov90=0.92
ep 68  train_nll=+0.2197  val_imp=+3.0%  cov90=0.90
ep 69  train_nll=+0.2196  val_imp=+3.0%  cov90=0.92
ep 70  train_nll=+0.2323  val_imp=+2.9%  cov90=0.91
ep 71  train_nll=+0.2261  val_imp=+3.0%  cov90=0.90
ep 72  train_nll=+0.2443  val_imp=+3.0%  cov90=0.91
ep 73  train_nll=+0.2347  val_imp=+3.0%  cov90=0.92
ep 74  train_nll=+0.2295  val_imp=+3.0%  cov90=0.91
ep 75  train_nll=+0.2251  val_imp=+2.9%  cov90=0.91
ep 76  train_nll=+0.2100  val_imp=+3.0%  cov90=0.90
ep 77  train_nll=+0.2498  val_imp=+3.1%  cov90=0.90
ep 78  train_nll=+0.2285  val_imp=+3.0%  cov90=0.91
ep 79  train_nll=+0.2190  val_imp=+3.0%  cov90=0.90
ep 80  train_nll=+0.2314  val_imp=+3.1%  cov90=0.92
saved best (val_imp=+3.1%) -> /root/cnn_q925_best.pt
