target=q850  context=['t850', 'u700', 'v700', 'z500']  in_ch=7
121 dates -> 103 train / 18 val
bg_rms(q850)=2.851e-04  r_std=2.850e-04
UQNet params: 152k
ep  1  train_nll=+0.4631  val_imp=+0.1%  cov90=0.91
ep  2  train_nll=+0.3838  val_imp=+0.4%  cov90=0.92
ep  3  train_nll=+0.3381  val_imp=+1.6%  cov90=0.90
ep  4  train_nll=+0.3170  val_imp=+2.5%  cov90=0.91
ep  5  train_nll=+0.2954  val_imp=+2.6%  cov90=0.92
ep  6  train_nll=+0.2861  val_imp=+2.6%  cov90=0.93
ep  7  train_nll=+0.3039  val_imp=+2.6%  cov90=0.89
ep  8  train_nll=+0.2726  val_imp=+2.8%  cov90=0.91
ep  9  train_nll=+0.2807  val_imp=+2.8%  cov90=0.90
ep 10  train_nll=+0.2796  val_imp=+2.8%  cov90=0.93
ep 11  train_nll=+0.2612  val_imp=+2.9%  cov90=0.92
ep 12  train_nll=+0.2701  val_imp=+2.9%  cov90=0.92
ep 13  train_nll=+0.2696  val_imp=+2.9%  cov90=0.90
ep 14  train_nll=+0.2770  val_imp=+2.9%  cov90=0.91
ep 15  train_nll=+0.2710  val_imp=+2.9%  cov90=0.91
ep 16  train_nll=+0.2679  val_imp=+3.0%  cov90=0.89
ep 17  train_nll=+0.2664  val_imp=+3.0%  cov90=0.92
ep 18  train_nll=+0.2580  val_imp=+3.0%  cov90=0.89
ep 19  train_nll=+0.2530  val_imp=+3.0%  cov90=0.91
ep 20  train_nll=+0.2684  val_imp=+2.9%  cov90=0.92
ep 21  train_nll=+0.2519  val_imp=+3.0%  cov90=0.92
ep 22  train_nll=+0.2571  val_imp=+3.0%  cov90=0.91
ep 23  train_nll=+0.2484  val_imp=+3.0%  cov90=0.90
ep 24  train_nll=+0.2529  val_imp=+3.1%  cov90=0.90
ep 25  train_nll=+0.2398  val_imp=+3.1%  cov90=0.92
ep 26  train_nll=+0.2629  val_imp=+3.1%  cov90=0.92
ep 27  train_nll=+0.2575  val_imp=+3.1%  cov90=0.92
ep 28  train_nll=+0.2529  val_imp=+3.0%  cov90=0.91
ep 29  train_nll=+0.2434  val_imp=+3.1%  cov90=0.92
ep 30  train_nll=+0.2415  val_imp=+3.1%  cov90=0.90
ep 31  train_nll=+0.2444  val_imp=+3.1%  cov90=0.90
ep 32  train_nll=+0.2535  val_imp=+3.1%  cov90=0.90
ep 33  train_nll=+0.2487  val_imp=+3.2%  cov90=0.90
ep 34  train_nll=+0.2575  val_imp=+3.2%  cov90=0.90
ep 35  train_nll=+0.2429  val_imp=+3.2%  cov90=0.91
ep 36  train_nll=+0.2387  val_imp=+3.2%  cov90=0.91
ep 37  train_nll=+0.2395  val_imp=+3.2%  cov90=0.90
ep 38  train_nll=+0.2476  val_imp=+3.3%  cov90=0.91
ep 39  train_nll=+0.2556  val_imp=+3.3%  cov90=0.92
ep 40  train_nll=+0.2376  val_imp=+3.3%  cov90=0.90
ep 41  train_nll=+0.2490  val_imp=+3.3%  cov90=0.91
ep 42  train_nll=+0.2344  val_imp=+3.2%  cov90=0.89
ep 43  train_nll=+0.2555  val_imp=+3.3%  cov90=0.92
ep 44  train_nll=+0.2315  val_imp=+3.3%  cov90=0.90
ep 45  train_nll=+0.2549  val_imp=+3.4%  cov90=0.90
ep 46  train_nll=+0.2328  val_imp=+3.4%  cov90=0.92
ep 47  train_nll=+0.2404  val_imp=+3.4%  cov90=0.93
ep 48  train_nll=+0.2439  val_imp=+3.3%  cov90=0.92
ep 49  train_nll=+0.2390  val_imp=+3.4%  cov90=0.91
ep 50  train_nll=+0.2143  val_imp=+3.4%  cov90=0.91
ep 51  train_nll=+0.2216  val_imp=+3.4%  cov90=0.90
ep 52  train_nll=+0.2288  val_imp=+3.4%  cov90=0.90
ep 53  train_nll=+0.2280  val_imp=+3.5%  cov90=0.91
ep 54  train_nll=+0.2342  val_imp=+3.5%  cov90=0.90
ep 55  train_nll=+0.2376  val_imp=+3.5%  cov90=0.91
ep 56  train_nll=+0.2490  val_imp=+3.5%  cov90=0.90
ep 57  train_nll=+0.2222  val_imp=+3.5%  cov90=0.91
ep 58  train_nll=+0.2342  val_imp=+3.5%  cov90=0.92
ep 59  train_nll=+0.2173  val_imp=+3.4%  cov90=0.91
ep 60  train_nll=+0.2283  val_imp=+3.5%  cov90=0.92
ep 61  train_nll=+0.2418  val_imp=+3.5%  cov90=0.93
ep 62  train_nll=+0.2291  val_imp=+3.5%  cov90=0.91
ep 63  train_nll=+0.2365  val_imp=+3.5%  cov90=0.91
ep 64  train_nll=+0.2305  val_imp=+3.5%  cov90=0.93
ep 65  train_nll=+0.2466  val_imp=+3.6%  cov90=0.89
ep 66  train_nll=+0.2328  val_imp=+3.6%  cov90=0.91
ep 67  train_nll=+0.2273  val_imp=+3.6%  cov90=0.91
ep 68  train_nll=+0.2208  val_imp=+3.6%  cov90=0.91
ep 69  train_nll=+0.2212  val_imp=+3.5%  cov90=0.90
ep 70  train_nll=+0.2322  val_imp=+3.6%  cov90=0.90
ep 71  train_nll=+0.2270  val_imp=+3.6%  cov90=0.92
ep 72  train_nll=+0.2344  val_imp=+3.6%  cov90=0.91
ep 73  train_nll=+0.2409  val_imp=+3.6%  cov90=0.90
ep 74  train_nll=+0.2272  val_imp=+3.6%  cov90=0.91
ep 75  train_nll=+0.2253  val_imp=+3.6%  cov90=0.91
ep 76  train_nll=+0.2140  val_imp=+3.7%  cov90=0.91
ep 77  train_nll=+0.2478  val_imp=+3.7%  cov90=0.92
ep 78  train_nll=+0.2312  val_imp=+3.6%  cov90=0.91
ep 79  train_nll=+0.2203  val_imp=+3.7%  cov90=0.92
ep 80  train_nll=+0.2256  val_imp=+3.7%  cov90=0.91
saved best (val_imp=+3.7%) -> /root/cnn_q850_best.pt
