target=q700  context=['t700', 'u700', 'v700', 'z500']  in_ch=7
121 dates -> 103 train / 18 val
bg_rms(q700)=2.114e-04  r_std=2.113e-04
UQNet params: 152k
ep  1  train_nll=+0.3620  val_imp=+0.1%  cov90=0.92
ep  2  train_nll=+0.2711  val_imp=+0.1%  cov90=0.91
ep  3  train_nll=+0.2044  val_imp=+0.2%  cov90=0.90
ep  4  train_nll=+0.1898  val_imp=+0.8%  cov90=0.90
ep  5  train_nll=+0.1617  val_imp=+2.6%  cov90=0.93
ep  6  train_nll=+0.1402  val_imp=+2.9%  cov90=0.92
ep  7  train_nll=+0.1413  val_imp=+3.0%  cov90=0.91
ep  8  train_nll=+0.1291  val_imp=+3.0%  cov90=0.91
ep  9  train_nll=+0.1170  val_imp=+3.1%  cov90=0.91
ep 10  train_nll=+0.1205  val_imp=+3.1%  cov90=0.92
ep 11  train_nll=+0.0971  val_imp=+3.2%  cov90=0.91
ep 12  train_nll=+0.1172  val_imp=+3.1%  cov90=0.91
ep 13  train_nll=+0.1202  val_imp=+3.2%  cov90=0.90
ep 14  train_nll=+0.1207  val_imp=+3.1%  cov90=0.91
ep 15  train_nll=+0.1122  val_imp=+3.2%  cov90=0.92
ep 16  train_nll=+0.1133  val_imp=+3.2%  cov90=0.92
ep 17  train_nll=+0.1038  val_imp=+3.3%  cov90=0.92
ep 18  train_nll=+0.1068  val_imp=+3.3%  cov90=0.91
ep 19  train_nll=+0.0865  val_imp=+3.3%  cov90=0.92
ep 20  train_nll=+0.1013  val_imp=+3.1%  cov90=0.90
ep 21  train_nll=+0.0931  val_imp=+3.2%  cov90=0.93
ep 22  train_nll=+0.0997  val_imp=+3.4%  cov90=0.92
ep 23  train_nll=+0.0899  val_imp=+3.3%  cov90=0.90
ep 24  train_nll=+0.1017  val_imp=+3.4%  cov90=0.90
ep 25  train_nll=+0.0807  val_imp=+3.4%  cov90=0.91
ep 26  train_nll=+0.0866  val_imp=+3.3%  cov90=0.92
ep 27  train_nll=+0.0937  val_imp=+3.4%  cov90=0.90
ep 28  train_nll=+0.0907  val_imp=+3.5%  cov90=0.92
ep 29  train_nll=+0.0914  val_imp=+3.5%  cov90=0.91
ep 30  train_nll=+0.0758  val_imp=+3.4%  cov90=0.90
ep 31  train_nll=+0.0726  val_imp=+3.5%  cov90=0.91
ep 32  train_nll=+0.0990  val_imp=+3.5%  cov90=0.91
ep 33  train_nll=+0.0855  val_imp=+3.4%  cov90=0.90
ep 34  train_nll=+0.0936  val_imp=+3.5%  cov90=0.91
ep 35  train_nll=+0.0747  val_imp=+3.5%  cov90=0.91
ep 36  train_nll=+0.0776  val_imp=+3.6%  cov90=0.91
ep 37  train_nll=+0.0708  val_imp=+3.6%  cov90=0.89
ep 38  train_nll=+0.0799  val_imp=+3.6%  cov90=0.93
ep 39  train_nll=+0.0970  val_imp=+3.6%  cov90=0.90
ep 40  train_nll=+0.0707  val_imp=+3.7%  cov90=0.91
ep 41  train_nll=+0.0776  val_imp=+3.7%  cov90=0.92
ep 42  train_nll=+0.0730  val_imp=+3.5%  cov90=0.90
ep 43  train_nll=+0.0825  val_imp=+3.7%  cov90=0.93
ep 44  train_nll=+0.0704  val_imp=+3.7%  cov90=0.91
ep 45  train_nll=+0.0976  val_imp=+3.8%  cov90=0.89
ep 46  train_nll=+0.0682  val_imp=+3.8%  cov90=0.91
ep 47  train_nll=+0.0788  val_imp=+3.8%  cov90=0.91
ep 48  train_nll=+0.0786  val_imp=+3.8%  cov90=0.92
ep 49  train_nll=+0.0682  val_imp=+3.8%  cov90=0.91
ep 50  train_nll=+0.0490  val_imp=+3.8%  cov90=0.90
ep 51  train_nll=+0.0528  val_imp=+3.9%  cov90=0.89
ep 52  train_nll=+0.0586  val_imp=+3.9%  cov90=0.90
ep 53  train_nll=+0.0608  val_imp=+3.8%  cov90=0.91
ep 54  train_nll=+0.0645  val_imp=+3.8%  cov90=0.92
ep 55  train_nll=+0.0787  val_imp=+3.9%  cov90=0.91
ep 56  train_nll=+0.0761  val_imp=+3.9%  cov90=0.92
ep 57  train_nll=+0.0515  val_imp=+3.8%  cov90=0.90
ep 58  train_nll=+0.0633  val_imp=+3.8%  cov90=0.91
ep 59  train_nll=+0.0436  val_imp=+3.9%  cov90=0.91
ep 60  train_nll=+0.0474  val_imp=+3.8%  cov90=0.92
ep 61  train_nll=+0.0682  val_imp=+3.9%  cov90=0.92
ep 62  train_nll=+0.0560  val_imp=+4.0%  cov90=0.90
ep 63  train_nll=+0.0634  val_imp=+3.9%  cov90=0.90
ep 64  train_nll=+0.0543  val_imp=+4.0%  cov90=0.92
ep 65  train_nll=+0.0863  val_imp=+3.9%  cov90=0.90
ep 66  train_nll=+0.0494  val_imp=+3.8%  cov90=0.91
ep 67  train_nll=+0.0484  val_imp=+3.9%  cov90=0.91
ep 68  train_nll=+0.0544  val_imp=+4.0%  cov90=0.92
ep 69  train_nll=+0.0618  val_imp=+4.0%  cov90=0.93
ep 70  train_nll=+0.0651  val_imp=+4.1%  cov90=0.90
ep 71  train_nll=+0.0566  val_imp=+3.9%  cov90=0.93
ep 72  train_nll=+0.0722  val_imp=+4.1%  cov90=0.90
ep 73  train_nll=+0.0678  val_imp=+4.1%  cov90=0.91
ep 74  train_nll=+0.0612  val_imp=+4.1%  cov90=0.92
ep 75  train_nll=+0.0552  val_imp=+3.8%  cov90=0.92
ep 76  train_nll=+0.0311  val_imp=+4.1%  cov90=0.91
ep 77  train_nll=+0.0794  val_imp=+4.1%  cov90=0.89
ep 78  train_nll=+0.0497  val_imp=+4.1%  cov90=0.91
ep 79  train_nll=+0.0500  val_imp=+3.8%  cov90=0.94
ep 80  train_nll=+0.0558  val_imp=+4.2%  cov90=0.90
saved best (val_imp=+4.2%) -> /root/cnn_q700_best.pt
